# JRE version: Java(TM) SE Runtime Environment (17.0.12+8) (build 17.0.12+8-LTS-286)
# Java VM: Java HotSpot(TM) 64-Bit Server VM (17.0.12+8-LTS-286, mixed mode, sharing, tiered, compressed oops, compressed class ptrs, g1 gc, windows-amd64)
GC Precious Log:
 CPUs: 8 total, 8 available
 Memory: 7953M
 Large Page Support: Disabled
 NUMA Support: Disabled
 Compressed Oops: Enabled (32-bit)
 Heap Region Size: 1M
 Heap Min Capacity: 8M
 Heap Initial Capacity: 126M
 Heap Max Capacity: 1990M
 Pre-touch: Disabled
 Parallel Workers: 8
 Concurrent Workers: 2
 Concurrent Refinement Workers: 8
 Periodic GC: Disabled
Heap:
 garbage-first heap   total 91136K, used 69888K [0x0000000083a00000, 0x0000000100000000)
  region size 1024K, 23 young (23552K), 2 survivors (2048K)
 Metaspace       used 56843K, committed 57152K, reserved 1114112K
  class space    used 6580K, committed 6720K, reserved 1048576K
GC Heap History (20 events):
Event: 20.577 GC heap before
{Heap before GC invocations=6 (full 0):
 garbage-first heap   total 75776K, used 56395K [0x0000000083a00000, 0x0000000100000000)
  region size 1024K, 27 young (27648K), 4 survivors (4096K)
 Metaspace       used 33139K, committed 33408K, reserved 1114112K
  class space    used 4125K, committed 4224K, reserved 1048576K
}
Event: 20.591 GC heap after
{Heap after GC invocations=7 (full 0):
 garbage-first heap   total 75776K, used 36802K [0x0000000083a00000, 0x0000000100000000)
  region size 1024K, 3 young (3072K), 3 survivors (3072K)
 Metaspace       used 33139K, committed 33408K, reserved 1114112K
  class space    used 4125K, committed 4224K, reserved 1048576K
}
Event: 21.002 GC heap before
{Heap before GC invocations=7 (full 0):
 garbage-first heap   total 75776K, used 40898K [0x0000000083a00000, 0x0000000100000000)
  region size 1024K, 8 young (8192K), 3 survivors (3072K)
 Metaspace       used 34365K, committed 34688K, reserved 1114112K
  class space    used 4281K, committed 4416K, reserved 1048576K
}
Event: 21.013 GC heap after
{Heap after GC invocations=8 (full 0):
 garbage-first heap   total 75776K, used 37154K [0x0000000083a00000, 0x0000000100000000)
  region size 1024K, 1 young (1024K), 1 survivors (1024K)
 Metaspace       used 34365K, committed 34688K, reserved 1114112K
  class space    used 4281K, committed 4416K, reserved 1048576K
}
Event: 21.466 GC heap before
{Heap before GC invocations=9 (full 0):
 garbage-first heap   total 75776K, used 59682K [0x0000000083a00000, 0x0000000100000000)
  region size 1024K, 22 young (22528K), 1 survivors (1024K)
 Metaspace       used 34395K, committed 34688K, reserved 1114112K
  class space    used 4281K, committed 4416K, reserved 1048576K
}
Event: 21.471 GC heap after
{Heap after GC invocations=10 (full 0):
 garbage-first heap   total 75776K, used 38844K [0x0000000083a00000, 0x0000000100000000)
  region size 1024K, 3 young (3072K), 3 survivors (3072K)
 Metaspace       used 34395K, committed 34688K, reserved 1114112K
  class space    used 4281K, committed 4416K, reserved 1048576K
}
Event: 22.747 GC heap before
{Heap before GC invocations=10 (full 0):
 garbage-first heap   total 75776K, used 59324K [0x0000000083a00000, 0x0000000100000000)
  region size 1024K, 23 young (23552K), 3 survivors (3072K)
 Metaspace       used 36593K, committed 36864K, reserved 1114112K
  class space    used 4490K, committed 4672K, reserved 1048576K
}
Event: 22.755 GC heap after
{Heap after GC invocations=11 (full 0):
 garbage-first heap   total 75776K, used 39587K [0x0000000083a00000, 0x0000000100000000)
  region size 1024K, 2 young (2048K), 2 survivors (2048K)
 Metaspace       used 36593K, committed 36864K, reserved 1114112K
  class space    used 4490K, committed 4672K, reserved 1048576K
}
Event: 24.898 GC heap before
{Heap before GC invocations=12 (full 0):
 garbage-first heap   total 75776K, used 60067K [0x0000000083a00000, 0x0000000100000000)
  region size 1024K, 22 young (22528K), 2 survivors (2048K)
 Metaspace       used 42019K, committed 42368K, reserved 1114112K
  class space    used 5194K, committed 5376K, reserved 1048576K
}
Event: 24.908 GC heap after
{Heap after GC invocations=13 (full 0):
 garbage-first heap   total 75776K, used 40957K [0x0000000083a00000, 0x0000000100000000)
  region size 1024K, 2 young (2048K), 2 survivors (2048K)
 Metaspace       used 42019K, committed 42368K, reserved 1114112K
  class space    used 5194K, committed 5376K, reserved 1048576K
}
Event: 24.929 GC heap before
{Heap before GC invocations=13 (full 0):
 garbage-first heap   total 75776K, used 41981K [0x0000000083a00000, 0x0000000100000000)
  region size 1024K, 3 young (3072K), 2 survivors (2048K)
 Metaspace       used 42046K, committed 42368K, reserved 1114112K
  class space    used 5196K, committed 5376K, reserved 1048576K
}
Event: 24.936 GC heap after
{Heap after GC invocations=14 (full 0):
 garbage-first heap   total 75776K, used 41363K [0x0000000083a00000, 0x0000000100000000)
  region size 1024K, 1 young (1024K), 1 survivors (1024K)
 Metaspace       used 42046K, committed 42368K, reserved 1114112K
  class space    used 5196K, committed 5376K, reserved 1048576K
}
Event: 28.051 GC heap before
{Heap before GC invocations=14 (full 0):
 garbage-first heap   total 75776K, used 59795K [0x0000000083a00000, 0x0000000100000000)
  region size 1024K, 20 young (20480K), 1 survivors (1024K)
 Metaspace       used 44352K, committed 44672K, reserved 1114112K
  class space    used 5405K, committed 5568K, reserved 1048576K
}
Event: 28.061 GC heap after
{Heap after GC invocations=15 (full 0):
 garbage-first heap   total 91136K, used 43811K [0x0000000083a00000, 0x0000000100000000)
  region size 1024K, 3 young (3072K), 3 survivors (3072K)
 Metaspace       used 44352K, committed 44672K, reserved 1114112K
  class space    used 5405K, committed 5568K, reserved 1048576K
}
Event: 29.171 GC heap before
{Heap before GC invocations=16 (full 0):
 garbage-first heap   total 91136K, used 49955K [0x0000000083a00000, 0x0000000100000000)
  region size 1024K, 10 young (10240K), 3 survivors (3072K)
 Metaspace       used 45271K, committed 45568K, reserved 1114112K
  class space    used 5498K, committed 5632K, reserved 1048576K
}
Event: 29.181 GC heap after
{Heap after GC invocations=17 (full 0):
 garbage-first heap   total 91136K, used 44550K [0x0000000083a00000, 0x0000000100000000)
  region size 1024K, 1 young (1024K), 1 survivors (1024K)
 Metaspace       used 45271K, committed 45568K, reserved 1114112K
  class space    used 5498K, committed 5632K, reserved 1048576K
}
Event: 32.530 GC heap before
{Heap before GC invocations=18 (full 0):
 garbage-first heap   total 91136K, used 73222K [0x0000000083a00000, 0x0000000100000000)
  region size 1024K, 28 young (28672K), 1 survivors (1024K)
 Metaspace       used 47154K, committed 47488K, reserved 1114112K
  class space    used 5650K, committed 5824K, reserved 1048576K
}
Event: 32.542 GC heap after
{Heap after GC invocations=19 (full 0):
 garbage-first heap   total 91136K, used 48743K [0x0000000083a00000, 0x0000000100000000)
  region size 1024K, 4 young (4096K), 4 survivors (4096K)
 Metaspace       used 47154K, committed 47488K, reserved 1114112K
  class space    used 5650K, committed 5824K, reserved 1048576K
}
Event: 34.681 GC heap before
{Heap before GC invocations=19 (full 0):
 garbage-first heap   total 91136K, used 71271K [0x0000000083a00000, 0x0000000100000000)
  region size 1024K, 27 young (27648K), 4 survivors (4096K)
 Metaspace       used 51752K, committed 52096K, reserved 1114112K
  class space    used 6099K, committed 6272K, reserved 1048576K
}
Event: 34.697 GC heap after
{Heap after GC invocations=20 (full 0):
 garbage-first heap   total 91136K, used 50432K [0x0000000083a00000, 0x0000000100000000)
  region size 1024K, 2 young (2048K), 2 survivors (2048K)
 Metaspace       used 51752K, committed 52096K, reserved 1114112K
  class space    used 6099K, committed 6272K, reserved 1048576K
}

